# JRE version: Java(TM) SE Runtime Environment (8.0_91-b14) (build 1.8.0_91-b14)
# Java VM: Java HotSpot(TM) 64-Bit Server VM (25.91-b14 mixed mode windows-amd64 compressed oops)
Heap:
 PSYoungGen      total 92672K, used 46420K [0x00000000eb200000, 0x00000000f3780000, 0x0000000100000000)
  eden space 77312K, 60% used [0x00000000eb200000,0x00000000edf55298,0x00000000efd80000)
  from space 15360K, 0% used [0x00000000efd80000,0x00000000efd80000,0x00000000f0c80000)
  to   space 14848K, 0% used [0x00000000f2900000,0x00000000f2900000,0x00000000f3780000)
 ParOldGen       total 108544K, used 63179K [0x00000000c1600000, 0x00000000c8000000, 0x00000000eb200000)
  object space 108544K, 58% used [0x00000000c1600000,0x00000000c53b2c78,0x00000000c8000000)
 Metaspace       used 19478K, capacity 19676K, committed 19968K, reserved 1067008K
  class space    used 2174K, capacity 2230K, committed 2304K, reserved 1048576K
GC Heap History (10 events):
Event: 152.631 GC heap before
{Heap before GC invocations=19 (full 0):
 PSYoungGen      total 67584K, used 64450K [0x00000000eb200000, 0x00000000f0080000, 0x0000000100000000)
  eden space 56320K, 100% used [0x00000000eb200000,0x00000000ee900000,0x00000000ee900000)
  from space 11264K, 72% used [0x00000000ef480000,0x00000000efc70800,0x00000000eff80000)
  to   space 11776K, 0% used [0x00000000ee900000,0x00000000ee900000,0x00000000ef480000)
 ParOldGen       total 44032K, used 33113K [0x00000000c1600000, 0x00000000c4100000, 0x00000000eb200000)
  object space 44032K, 75% used [0x00000000c1600000,0x00000000c36566b0,0x00000000c4100000)
 Metaspace       used 19471K, capacity 19676K, committed 19968K, reserved 1067008K
  class space    used 2171K, capacity 2230K, committed 2304K, reserved 1048576K
Event: 152.649 GC heap after
Heap after GC invocations=19 (full 0):
 PSYoungGen      total 68096K, used 11394K [0x00000000eb200000, 0x00000000f1a00000, 0x0000000100000000)
  eden space 56320K, 0% used [0x00000000eb200000,0x00000000eb200000,0x00000000ee900000)
  from space 11776K, 96% used [0x00000000ee900000,0x00000000ef420b40,0x00000000ef480000)
  to   space 13824K, 0% used [0x00000000f0c80000,0x00000000f0c80000,0x00000000f1a00000)
 ParOldGen       total 44032K, used 41243K [0x00000000c1600000, 0x00000000c4100000, 0x00000000eb200000)
  object space 44032K, 93% used [0x00000000c1600000,0x00000000c3e46f50,0x00000000c4100000)
 Metaspace       used 19471K, capacity 19676K, committed 19968K, reserved 1067008K
  class space    used 2171K, capacity 2230K, committed 2304K, reserved 1048576K
}
Event: 152.649 GC heap before
{Heap before GC invocations=20 (full 1):
 PSYoungGen      total 68096K, used 11394K [0x00000000eb200000, 0x00000000f1a00000, 0x0000000100000000)
  eden space 56320K, 0% used [0x00000000eb200000,0x00000000eb200000,0x00000000ee900000)
  from space 11776K, 96% used [0x00000000ee900000,0x00000000ef420b40,0x00000000ef480000)
  to   space 13824K, 0% used [0x00000000f0c80000,0x00000000f0c80000,0x00000000f1a00000)
 ParOldGen       total 44032K, used 41243K [0x00000000c1600000, 0x00000000c4100000, 0x00000000eb200000)
  object space 44032K, 93% used [0x00000000c1600000,0x00000000c3e46f50,0x00000000c4100000)
 Metaspace       used 19471K, capacity 19676K, committed 19968K, reserved 1067008K
  class space    used 2171K, capacity 2230K, committed 2304K, reserved 1048576K
Event: 152.838 GC heap after
Heap after GC invocations=20 (full 1):
 PSYoungGen      total 68096K, used 4687K [0x00000000eb200000, 0x00000000f1a00000, 0x0000000100000000)
  eden space 56320K, 0% used [0x00000000eb200000,0x00000000eb200000,0x00000000ee900000)
  from space 11776K, 39% used [0x00000000ee900000,0x00000000eed93d78,0x00000000ef480000)
  to   space 13824K, 0% used [0x00000000f0c80000,0x00000000f0c80000,0x00000000f1a00000)
 ParOldGen       total 71168K, used 43662K [0x00000000c1600000, 0x00000000c5b80000, 0x00000000eb200000)
  object space 71168K, 61% used [0x00000000c1600000,0x00000000c40a3b60,0x00000000c5b80000)
 Metaspace       used 19471K, capacity 19676K, committed 19968K, reserved 1067008K
  class space    used 2171K, capacity 2230K, committed 2304K, reserved 1048576K
}
Event: 154.077 GC heap before
{Heap before GC invocations=21 (full 1):
 PSYoungGen      total 68096K, used 61007K [0x00000000eb200000, 0x00000000f1a00000, 0x0000000100000000)
  eden space 56320K, 100% used [0x00000000eb200000,0x00000000ee900000,0x00000000ee900000)
  from space 11776K, 39% used [0x00000000ee900000,0x00000000eed93d78,0x00000000ef480000)
  to   space 13824K, 0% used [0x00000000f0c80000,0x00000000f0c80000,0x00000000f1a00000)
 ParOldGen       total 71168K, used 43662K [0x00000000c1600000, 0x00000000c5b80000, 0x00000000eb200000)
  object space 71168K, 61% used [0x00000000c1600000,0x00000000c40a3b60,0x00000000c5b80000)
 Metaspace       used 19471K, capacity 19676K, committed 19968K, reserved 1067008K
  class space    used 2171K, capacity 2230K, committed 2304K, reserved 1048576K
Event: 154.095 GC heap after
Heap after GC invocations=21 (full 1):
 PSYoungGen      total 91136K, used 11314K [0x00000000eb200000, 0x00000000f1b80000, 0x0000000100000000)
  eden space 77312K, 0% used [0x00000000eb200000,0x00000000eb200000,0x00000000efd80000)
  from space 13824K, 81% used [0x00000000f0c80000,0x00000000f178cb50,0x00000000f1a00000)
  to   space 15360K, 0% used [0x00000000efd80000,0x00000000efd80000,0x00000000f0c80000)
 ParOldGen       total 71168K, used 48422K [0x00000000c1600000, 0x00000000c5b80000, 0x00000000eb200000)
  object space 71168K, 68% used [0x00000000c1600000,0x00000000c4549b60,0x00000000c5b80000)
 Metaspace       used 19471K, capacity 19676K, committed 19968K, reserved 1067008K
  class space    used 2171K, capacity 2230K, committed 2304K, reserved 1048576K
}
Event: 154.627 GC heap before
{Heap before GC invocations=22 (full 1):
 PSYoungGen      total 91136K, used 88626K [0x00000000eb200000, 0x00000000f1b80000, 0x0000000100000000)
  eden space 77312K, 100% used [0x00000000eb200000,0x00000000efd80000,0x00000000efd80000)
  from space 13824K, 81% used [0x00000000f0c80000,0x00000000f178cb50,0x00000000f1a00000)
  to   space 15360K, 0% used [0x00000000efd80000,0x00000000efd80000,0x00000000f0c80000)
 ParOldGen       total 71168K, used 48422K [0x00000000c1600000, 0x00000000c5b80000, 0x00000000eb200000)
  object space 71168K, 68% used [0x00000000c1600000,0x00000000c4549b60,0x00000000c5b80000)
 Metaspace       used 19472K, capacity 19676K, committed 19968K, reserved 1067008K
  class space    used 2172K, capacity 2230K, committed 2304K, reserved 1048576K
Event: 154.645 GC heap after
Heap after GC invocations=22 (full 1):
 PSYoungGen      total 92672K, used 4210K [0x00000000eb200000, 0x00000000f3780000, 0x0000000100000000)
  eden space 77312K, 0% used [0x00000000eb200000,0x00000000eb200000,0x00000000efd80000)
  from space 15360K, 27% used [0x00000000efd80000,0x00000000f019c800,0x00000000f0c80000)
  to   space 14848K, 0% used [0x00000000f2900000,0x00000000f2900000,0x00000000f3780000)
 ParOldGen       total 71168K, used 59769K [0x00000000c1600000, 0x00000000c5b80000, 0x00000000eb200000)
  object space 71168K, 83% used [0x00000000c1600000,0x00000000c505e780,0x00000000c5b80000)
 Metaspace       used 19472K, capacity 19676K, committed 19968K, reserved 1067008K
  class space    used 2172K, capacity 2230K, committed 2304K, reserved 1048576K
}
Event: 154.645 GC heap before
{Heap before GC invocations=23 (full 2):
 PSYoungGen      total 92672K, used 4210K [0x00000000eb200000, 0x00000000f3780000, 0x0000000100000000)
  eden space 77312K, 0% used [0x00000000eb200000,0x00000000eb200000,0x00000000efd80000)
  from space 15360K, 27% used [0x00000000efd80000,0x00000000f019c800,0x00000000f0c80000)
  to   space 14848K, 0% used [0x00000000f2900000,0x00000000f2900000,0x00000000f3780000)
 ParOldGen       total 71168K, used 59769K [0x00000000c1600000, 0x00000000c5b80000, 0x00000000eb200000)
  object space 71168K, 83% used [0x00000000c1600000,0x00000000c505e780,0x00000000c5b80000)
 Metaspace       used 19472K, capacity 19676K, committed 19968K, reserved 1067008K
  class space    used 2172K, capacity 2230K, committed 2304K, reserved 1048576K
Event: 155.191 GC heap after
Heap after GC invocations=23 (full 2):
 PSYoungGen      total 92672K, used 0K [0x00000000eb200000, 0x00000000f3780000, 0x0000000100000000)
  eden space 77312K, 0% used [0x00000000eb200000,0x00000000eb200000,0x00000000efd80000)
  from space 15360K, 0% used [0x00000000efd80000,0x00000000efd80000,0x00000000f0c80000)
  to   space 14848K, 0% used [0x00000000f2900000,0x00000000f2900000,0x00000000f3780000)
 ParOldGen       total 108544K, used 63179K [0x00000000c1600000, 0x00000000c8000000, 0x00000000eb200000)
  object space 108544K, 58% used [0x00000000c1600000,0x00000000c53b2c78,0x00000000c8000000)
 Metaspace       used 19472K, capacity 19676K, committed 19968K, reserved 1067008K
  class space    used 2172K, capacity 2230K, committed 2304K, reserved 1048576K
}

